<?xml version="1.0" encoding="UTF-8"?>
<testsuite xmlns:xsi="http://www.w3.org/2001/XMLSchema-instance" xsi:noNamespaceSchemaLocation="https://maven.apache.org/surefire/maven-surefire-plugin/xsd/surefire-test-report.xsd" version="3.0.1" name="ca.yorku.cmg.lob.exchange.ExchangeTest" time="0.118" tests="1" errors="0" skipped="0" failures="1">
  <properties>
[...]
</properties>
  <testcase name="testSubmitOrder" classname="ca.yorku.cmg.lob.exchange.ExchangeTest" time="0.082">
    <failure message="expected: &lt;[  5  MSFT   425.86         3       520     52]&#10;[  4  MSFT   476.85        29       860     86]&#10;[  7  MSFT   914.54        27      1250    125]&#10;[  7  GOOG   351.53        48       450     45]&#10;[  6  GOOG   253.95         4       290     29]&#10;[  1  META  1061.73         6       500     50]&#10;[  2  META  1070.07        45       350     35]&#10;[  5  META  1074.56        20       840     84]&#10;[  1  NVDA   200.80         5      1150    115]&#10;[  8  AAPL   496.14        49       540     54]&#10;[  3  AAPL   361.50        39       480     48]&#10;[  5  TSLA   508.21        16       670     67]&#10;[  7  TSLA   657.61        45      1190    119]&#10;[  4  AVGO   186.06        10       130     13]&#10;[  5  AVGO   229.30        34      1070    107]&#10;[  3  AVGO   292.86        26      1020    102]&#10;[  6  AVGO   350.71        11       910     91]&#10;[  1  AVGO   414.07        24       800     80]&#10;[  7  AVGO   435.33        18      1110    111]&#10;[  2  AMZN   277.85        13        20      2]&#10;[  1  AMZN   279.87        23      1010    101]&#10;[  8  AMZN   283.60        17       380     38]&#10;[  6  AMZN   303.42        26       360     36]&#10;[  5  AMZN   335.44        19      1130    113]&#10;&gt; but was: &lt;[  3  MSFT   880.77        14       230     23]&#10;[  7  MSFT   914.54        27      1250    125]&#10;[  8  GOOG   249.41        23       870     87]&#10;[  6  GOOG   253.95        19       290     29]&#10;[  4  GOOG   267.21        21      1090    109]&#10;[  3  GOOG   278.70         5       160     16]&#10;[  7  GOOG   351.53        49       450     45]&#10;[  2  GOOG   455.82        20       470     47]&#10;[  4  META  1011.28        26       960     96]&#10;[  1  META  1061.73        26       500     50]&#10;[  2  META  1070.07        45       350     35]&#10;[  5  META  1074.56        20       840     84]&#10;[  4  NVDA   187.27        36      1230    123]&#10;[  1  NVDA   200.80        13      1150    115]&#10;[  8  NVDA   265.12         1       340     34]&#10;[  2  NVDA   287.82        27      1220    122]&#10;[  2  AAPL   273.57        14      1040    104]&#10;[  5  AAPL   458.30        47      1120    112]&#10;[  6  AAPL   464.60        10       900     90]&#10;[  8  AAPL   496.14        49       540     54]&#10;[  7  AAPL   555.54        18       330     33]&#10;[  7  TSLA   657.61        27      1190    119]&#10;[  3  TSLA   722.30        38        30      3]&#10;[  7  AVGO   435.33        18      1110    111]&#10;[  5  AMZN   335.44         7      1130    113]&#10;[  3  AMZN   443.67        47       790     79]&#10;&gt;" type="org.opentest4j.AssertionFailedError"><![CDATA[org.opentest4j.AssertionFailedError: 
expected: <[  5  MSFT   425.86         3       520     52]
[  4  MSFT   476.85        29       860     86]
[  7  MSFT   914.54        27      1250    125]
[  7  GOOG   351.53        48       450     45]
[  6  GOOG   253.95         4       290     29]
[  1  META  1061.73         6       500     50]
[  2  META  1070.07        45       350     35]
[  5  META  1074.56        20       840     84]
[  1  NVDA   200.80         5      1150    115]
[  8  AAPL   496.14        49       540     54]
[  3  AAPL   361.50        39       480     48]
[  5  TSLA   508.21        16       670     67]
[  7  TSLA   657.61        45      1190    119]
[  4  AVGO   186.06        10       130     13]
[  5  AVGO   229.30        34      1070    107]
[  3  AVGO   292.86        26      1020    102]
[  6  AVGO   350.71        11       910     91]
[  1  AVGO   414.07        24       800     80]
[  7  AVGO   435.33        18      1110    111]
[  2  AMZN   277.85        13        20      2]
[  1  AMZN   279.87        23      1010    101]
[  8  AMZN   283.60        17       380     38]
[  6  AMZN   303.42        26       360     36]
[  5  AMZN   335.44        19      1130    113]
> but was: <[  3  MSFT   880.77        14       230     23]
[  7  MSFT   914.54        27      1250    125]
[  8  GOOG   249.41        23       870     87]
[  6  GOOG   253.95        19       290     29]
[  4  GOOG   267.21        21      1090    109]
[  3  GOOG   278.70         5       160     16]
[  7  GOOG   351.53        49       450     45]
[  2  GOOG   455.82        20       470     47]
[  4  META  1011.28        26       960     96]
[  1  META  1061.73        26       500     50]
[  2  META  1070.07        45       350     35]
[  5  META  1074.56        20       840     84]
[  4  NVDA   187.27        36      1230    123]
[  1  NVDA   200.80        13      1150    115]
[  8  NVDA   265.12         1       340     34]
[  2  NVDA   287.82        27      1220    122]
[  2  AAPL   273.57        14      1040    104]
[  5  AAPL   458.30        47      1120    112]
[  6  AAPL   464.60        10       900     90]
[  8  AAPL   496.14        49       540     54]
[  7  AAPL   555.54        18       330     33]
[  7  TSLA   657.61        27      1190    119]
[  3  TSLA   722.30        38        30      3]
[  7  AVGO   435.33        18      1110    111]
[  5  AMZN   335.44         7      1130    113]
[  3  AMZN   443.67        47       790     79]
>
	at org.junit.jupiter.api.AssertionFailureBuilder.build(AssertionFailureBuilder.java:151)
	at org.junit.jupiter.api.AssertionFailureBuilder.buildAndThrow(AssertionFailureBuilder.java:132)
	at org.junit.jupiter.api.AssertEquals.failNotEqual(AssertEquals.java:197)
	at org.junit.jupiter.api.AssertEquals.assertEquals(AssertEquals.java:182)
	at org.junit.jupiter.api.AssertEquals.assertEquals(AssertEquals.java:177)
	at org.junit.jupiter.api.Assertions.assertEquals(Assertions.java:1145)
	at ca.yorku.cmg.lob.exchange.ExchangeTest.testSubmitOrder(ExchangeTest.java:59)
	at java.base/java.lang.reflect.Method.invoke(Method.java:580)
	at java.base/java.util.ArrayList.forEach(ArrayList.java:1596)
	at java.base/java.util.ArrayList.forEach(ArrayList.java:1596)
]]></failure>
    <system-err><![CDATA[Order validation: seller with ID 6 not enough shares of NVDA: has -11 and tries to sell 37
Order validation: buyer with ID 5 does not have enough balance: has $1,934.30 and tries to buy for $28,968.30
Order validation: buyer with ID 5 does not have enough balance: has $1,934.30 and tries to buy for $3,371.55
Order validation: buyer with ID 5 does not have enough balance: has $1,934.30 and tries to buy for $7,318.48
Order validation: seller with ID 6 not enough shares of TSLA: has -15 and tries to sell 31
Order validation: seller with ID 8 not enough shares of META: has 14 and tries to sell 24
Order validation: seller with ID 8 not enough shares of MSFT: has -24 and tries to sell 31
Order validation: seller with ID 1 not enough shares of AAPL: has -2 and tries to sell 21
Order validation: seller with ID 3 not enough shares of AMZN: has 18 and tries to sell 47
Order validation: seller with ID 8 not enough shares of TSLA: has -8 and tries to sell 20
Order validation: seller with ID 4 not enough shares of AMZN: has 15 and tries to sell 17
Order validation: seller with ID 3 not enough shares of NVDA: has -22 and tries to sell 31
Order validation: seller with ID 8 not enough shares of GOOG: has -25 and tries to sell 23
Order validation: seller with ID 6 not enough shares of AAPL: has 2 and tries to sell 37
Order validation: seller with ID 8 not enough shares of AVGO: has -33 and tries to sell 28
Order validation: seller with ID 4 not enough shares of META: has -10 and tries to sell 29
Order validation: seller with ID 1 not enough shares of MSFT: has -23 and tries to sell 21
Order validation: seller with ID 5 not enough shares of AAPL: has 25 and tries to sell 47
Order validation: seller with ID 7 not enough shares of AMZN: has -11 and tries to sell 44
Order validation: seller with ID 2 not enough shares of NVDA: has 5 and tries to sell 27
Order validation: seller with ID 4 not enough shares of NVDA: has 11 and tries to sell 36
Order validation: seller with ID 2 not enough shares of AVGO: has -13 and tries to sell 26
]]></system-err>
  </testcase>
</testsuite>